<?xml version="1.0" encoding="UTF-8"?>
<!-- Generated by org.testng.reporters.JUnitReportReporter -->
<testsuite hostname="LAPTOP-OOSHD4UL" failures="0" tests="1" name="tests.temptest" time="0.018" errors="0" timestamp="2020-08-02T18:11:38 NZST" skipped="0">
  <testcase classname="tests.temptest" name="test" time="0.018"/>
  <system-out/>
</testsuite> <!-- tests.temptest -->
