<?xml version="1.0" encoding="UTF-8"?>
<!-- Generated by org.testng.reporters.JUnitReportReporter -->
<testsuite hostname="LAPTOP-OOSHD4UL" failures="0" tests="1" name="tests.temptest" time="0.022" errors="0" timestamp="2020-08-02T15:13:59 NZST" skipped="0">
  <testcase classname="tests.temptest" name="test" time="0.022"/>
  <system-out/>
</testsuite> <!-- tests.temptest -->
